\BOOKMARK [1][-]{section*.1}{\376\377\000M\000\351\000t\000o\000d\000o\000\040\000B\000o\000x\000-\000J\000e\000n\000k\000i\000n\000s}{}% 1
\BOOKMARK [1][-]{section*.2}{\376\377\000A\000s\000s\000a\000s\000s\000i\000n\000a\000t\000o\000\040\000d\000e\000\040\000m\000u\000l\000h\000e\000r\000e\000s}{}% 2
\BOOKMARK [2][-]{section*.3}{\376\377\000T\000r\000a\000n\000s\000f\000o\000r\000m\000a\000\347\000\343\000o\000\040\000B\000o\000x\000-\000C\000o\000x}{section*.2}% 3
\BOOKMARK [2][-]{section*.4}{\376\377\000I\000d\000e\000n\000t\000i\000f\000i\000c\000a\000\347\000\343\000o}{section*.2}% 4
\BOOKMARK [3][-]{section*.5}{\376\377\000T\000e\000s\000t\000e\000\040\000d\000e\000\040\000E\000s\000t\000a\000c\000i\000o\000n\000a\000r\000i\000d\000a\000d\000e\000\040\000A\000D\000F}{section*.4}% 5
\BOOKMARK [3][-]{section*.6}{\376\377\000D\000i\000f\000e\000r\000e\000n\000c\000i\000a\000n\000d\000o}{section*.4}% 6
\BOOKMARK [2][-]{section*.7}{\376\377\000E\000s\000t\000i\000m\000a\000\347\000\343\000o}{section*.2}% 7
\BOOKMARK [2][-]{section*.8}{\376\377\000D\000i\000a\000g\000n\000\363\000s\000t\000i\000c\000o}{section*.2}% 8
\BOOKMARK [2][-]{section*.9}{\376\377\000P\000r\000o\000j\000e\000\347\000\343\000o}{section*.2}% 9
\BOOKMARK [1][-]{section*.10}{\376\377\000U\000s\000o\000\040\000d\000e\000\040\000c\000a\000r\000t\000\343\000o\000\040\000d\000e\000\040\000d\000\351\000b\000i\000t\000o}{}% 10
\BOOKMARK [2][-]{section*.11}{\376\377\000T\000r\000a\000n\000s\000f\000o\000r\000m\000a\000\347\000\343\000o\000\040\000B\000o\000x\000-\000C\000o\000x}{section*.10}% 11
\BOOKMARK [2][-]{section*.12}{\376\377\000I\000d\000e\000n\000t\000i\000f\000i\000c\000a\000\347\000\343\000o}{section*.10}% 12
\BOOKMARK [3][-]{section*.13}{\376\377\000T\000e\000s\000t\000e\000\040\000d\000e\000\040\000E\000s\000t\000a\000c\000i\000o\000n\000a\000r\000i\000d\000a\000d\000e\000\040\000A\000D\000F}{section*.12}% 13
\BOOKMARK [3][-]{section*.14}{\376\377\000D\000i\000f\000e\000r\000e\000n\000c\000i\000a\000n\000d\000o}{section*.12}% 14
\BOOKMARK [3][-]{section*.15}{\376\377\000A\000C\000F\000\040\000e\000\040\000P\000A\000C\000F}{section*.12}% 15
\BOOKMARK [3][-]{section*.16}{\376\377\000C\000r\000i\000t\000\351\000r\000i\000o\000s\000\040\000d\000e\000\040\000I\000n\000f\000o\000r\000m\000a\000\347\000\343\000o}{section*.12}% 16
\BOOKMARK [2][-]{section*.17}{\376\377\000E\000s\000t\000i\000m\000a\000\347\000\343\000o}{section*.10}% 17
\BOOKMARK [2][-]{section*.18}{\376\377\000D\000i\000a\000g\000n\000\363\000s\000t\000i\000c\000o}{section*.10}% 18
\BOOKMARK [2][-]{section*.19}{\376\377\000P\000r\000o\000j\000e\000\347\000\343\000o}{section*.10}% 19
\BOOKMARK [1][-]{section*.20}{\376\377\000C\000o\000m\000e\000r\000\040\000f\000o\000r\000a\000\040\000n\000a\000\040\000A\000u\000s\000t\000r\000\341\000l\000i\000a}{}% 20
